C:\USERS\JOHNNIE\DOCUMENTS\VISUAL STUDIO 2012\PROJECTS\PRIORITY QUEUES\PRIORITY QUEUES\DEBUG\VC110.PDB
C:\USERS\JOHNNIE\DOCUMENTS\VISUAL STUDIO 2012\PROJECTS\PRIORITY QUEUES\PRIORITY QUEUES\DEBUG\PQUEUE.OBJ
C:\USERS\JOHNNIE\DOCUMENTS\VISUAL STUDIO 2012\PROJECTS\PRIORITY QUEUES\PRIORITY QUEUES\DEBUG\SOURCE.OBJ
C:\Users\johnnie\documents\visual studio 2012\Projects\priority queues\priority queues\Debug\pqueue.obj
C:\Users\johnnie\documents\visual studio 2012\Projects\priority queues\priority queues\Debug\Source.obj
C:\Users\johnnie\documents\visual studio 2012\Projects\priority queues\priority queues\Debug\cl.command.1.tlog
C:\Users\johnnie\documents\visual studio 2012\Projects\priority queues\priority queues\Debug\CL.read.1.tlog
C:\Users\johnnie\documents\visual studio 2012\Projects\priority queues\priority queues\Debug\CL.write.1.tlog
C:\Users\johnnie\documents\visual studio 2012\Projects\priority queues\priority queues\Debug\link-cvtres.read.1.tlog
C:\Users\johnnie\documents\visual studio 2012\Projects\priority queues\priority queues\Debug\link-cvtres.write.1.tlog
C:\Users\johnnie\documents\visual studio 2012\Projects\priority queues\priority queues\Debug\link-rc.read.1.tlog
C:\Users\johnnie\documents\visual studio 2012\Projects\priority queues\priority queues\Debug\link-rc.write.1.tlog
C:\Users\johnnie\documents\visual studio 2012\Projects\priority queues\priority queues\Debug\link.5040-cvtres.read.1.tlog
C:\Users\johnnie\documents\visual studio 2012\Projects\priority queues\priority queues\Debug\link.5040-cvtres.write.1.tlog
C:\Users\johnnie\documents\visual studio 2012\Projects\priority queues\priority queues\Debug\link.5040-rc.read.1.tlog
C:\Users\johnnie\documents\visual studio 2012\Projects\priority queues\priority queues\Debug\link.5040-rc.write.1.tlog
C:\Users\johnnie\documents\visual studio 2012\Projects\priority queues\priority queues\Debug\link.5040.read.1.tlog
C:\Users\johnnie\documents\visual studio 2012\Projects\priority queues\priority queues\Debug\link.5040.write.1.tlog
C:\Users\johnnie\documents\visual studio 2012\Projects\priority queues\priority queues\Debug\link.6036.read.1.tlog
C:\Users\johnnie\documents\visual studio 2012\Projects\priority queues\priority queues\Debug\link.6036.write.1.tlog
C:\Users\johnnie\documents\visual studio 2012\Projects\priority queues\priority queues\Debug\link.command.1.tlog
C:\Users\johnnie\documents\visual studio 2012\Projects\priority queues\priority queues\Debug\link.read.1.tlog
C:\Users\johnnie\documents\visual studio 2012\Projects\priority queues\priority queues\Debug\link.write.1.tlog
C:\Users\johnnie\documents\visual studio 2012\Projects\priority queues\priority queues\Debug\vc110.idb
C:\Users\johnnie\documents\visual studio 2012\Projects\priority queues\priority queues\Debug\vc110.pdb
C:\Users\johnnie\documents\visual studio 2012\Projects\priority queues\Debug\priority queues.pdb
